(---------------------------------------------------------------------)
(                                                                     )
(    Allegro Netrev Import Logic                                      )
(                                                                     )
(    Drawing          : Pictograma.brd                                )
(    Software Version : 17.2S016                                      )
(    Date/Time        : Fri Oct 25 15:05:58 2019                      )
(                                                                     )
(---------------------------------------------------------------------)


------ Directives ------------

Ripup etch:                  No
Ripup delete first segment:  No
Ripup retain bondwire:       No
Ripup symbols:               Always
Missing symbol has error:    No
DRC update:                  Yes
Schematic directory:         'C:/Users/Marcelo Franchini/Desktop/Orcad/Pictograma/allegro'
Design Directory:            'C:/Users/Marcelo Franchini/Desktop/Orcad/Pictograma'
Old design name:             'C:/Users/Marcelo Franchini/Desktop/Orcad/Pictograma/Pictograma.brd'
New design name:             'C:/Users/Marcelo Franchini/Desktop/Orcad/Pictograma/Pictograma.brd'

CmdLine: netrev -$ -i C:/Users/Marcelo Franchini/Desktop/Orcad/Pictograma/allegro -y 1 -h -q netrev_constraint_report.xml C:/Users/Marcelo Franchini/Desktop/Orcad/Pictograma/#Taaaabl09792.tmp

------ Preparing to read pst files ------

Starting to read C:/Users/Marcelo Franchini/Desktop/Orcad/Pictograma/allegro/pstchip.dat 
   Finished reading C:/Users/Marcelo Franchini/Desktop/Orcad/Pictograma/allegro/pstchip.dat (00:00:00.02)
Starting to read C:/Users/Marcelo Franchini/Desktop/Orcad/Pictograma/allegro/pstxprt.dat 
   Finished reading C:/Users/Marcelo Franchini/Desktop/Orcad/Pictograma/allegro/pstxprt.dat (00:00:00.00)
Starting to read C:/Users/Marcelo Franchini/Desktop/Orcad/Pictograma/allegro/pstxnet.dat 
   Finished reading C:/Users/Marcelo Franchini/Desktop/Orcad/Pictograma/allegro/pstxnet.dat (00:00:00.00)

------ Oversights/Warnings/Errors ------


------ Library Paths ------
MODULEPATH =  . 
           C:/Cadence/SPB_17.2/share/local/pcb/modules 

PSMPATH =  . 
           symbols 
           .. 
           ../symbols 
           C:/Cadence/SPB_17.2/share/local/pcb/symbols 
           C:/Cadence/SPB_17.2/share/pcb/pcb_lib/symbols 
           C:/Cadence/SPB_17.2/share/pcb/allegrolib/symbols 

PADPATH =  . 
           symbols 
           .. 
           ../symbols 
           C:/Cadence/SPB_17.2/share/local/pcb/padstacks 
           C:/Cadence/SPB_17.2/share/pcb/pcb_lib/symbols 
           C:/Cadence/SPB_17.2/share/pcb/allegrolib/symbols 


------ Summary Statistics ------


netrev run on Oct 25 15:05:58 2019
   DESIGN NAME : 'PICTOGRAMA'
   PACKAGING ON Mar 20 2017 11:21:40

   COMPILE 'logic'
   CHECK_PIN_NAMES OFF
   CROSS_REFERENCE OFF
   FEEDBACK OFF
   INCREMENTAL OFF
   INTERFACE_TYPE PHYSICAL
   MAX_ERRORS 500
   MERGE_MINIMUM 5
   NET_NAME_CHARS '#%&()*+-./:=>?@[]^_`|'
   NET_NAME_LENGTH 24
   OVERSIGHTS ON
   REPLACE_CHECK OFF
   SINGLE_NODE_NETS ON
   SPLIT_MINIMUM 0
   SUPPRESS   20
   WARNINGS ON

 No error detected
 No oversight detected
 No warning detected

cpu time      0:00:20
elapsed time  0:00:00

