Fri Oct 25 14:54:01 2019				Page     1


 
Update Symbols/Modules Logfile
	Fri Oct 25 14:54:01 2019

------ Module Refresh Messages ------

SUMMARY:    Updated 0 out of 0 modules

------ End Module Messages     ------



(---------------------------------------------------------------------)
(                                                                     )
(    Refresh Symbol                                                   )
(                                                                     )
(    Drawing          : Pictograma.brd                                )
(    Software Version : 17.2S016                                      )
(    Date/Time        : Fri Oct 25 14:54:01 2019                      )
(                                                                     )
(---------------------------------------------------------------------)


Fri Oct 25 14:54:01 2019				Page     1


------ Symbol Refresh Directives ------

Input design  = 'C:/Users/Marcelo Franchini/Desktop/Orcad/Pictograma/Pictograma.brd'
Output design = ''

Update mechanical symbols              = 'NO'
Update format symbols                  = 'NO'
Update package symbols                 = 'YES'
Update shape/flash symbols             = 'YES'
Update symbol padstacks                = 'YES'
Preserve padstacks replaced on pins    = 'YES'
Reset symbol text and size locations   = 'YES'
Reset Pin Escapes (fanouts)            = 'YES'
Ripup Etch                             = 'YES'
Reset custom drill data                = 'YES'


------ Library Paths ------
PSMPATH =  . 
           symbols 
           .. 
           ../symbols 
           C:/Cadence/SPB_17.2/share/local/pcb/symbols 
           C:/Cadence/SPB_17.2/share/pcb/pcb_lib/symbols 
           C:/Cadence/SPB_17.2/share/pcb/allegrolib/symbols 

PADPATH =  . 
           symbols 
           .. 
           ../symbols 
           C:/Cadence/SPB_17.2/share/local/pcb/padstacks 
           C:/Cadence/SPB_17.2/share/pcb/pcb_lib/symbols 
           C:/Cadence/SPB_17.2/share/pcb/allegrolib/symbols 


------ Symbol Refresh Messages ------

'LED32'  symbol refreshed successfully.
'RESISTOR2'  symbol refreshed successfully.
'CONECTOR'  symbol refreshed successfully.
'AB00'  symbol refreshed successfully.


------ Pad Stack Refresh Messages ------

'PINO'  pad stack refreshed successfully.
'SMD_LED'  pad stack refreshed successfully.
'SMD_RESISTOR'  pad stack refreshed successfully.


----- Symbol Update Summary ----

Updated symbols: 4 out 4
    Design updated.

